This is pdfTeX, Version 3.14159265-2.6-1.40.19 (MiKTeX 2.9.6745 64-bit) (preloaded format=pdflatex 2018.8.16)  29 SEP 2018 11:12
entering extended mode
**./InformeLaboratorio01.tex
(InformeLaboratorio01.tex
LaTeX2e <2018-04-01> patch level 5
("C:\Program Files\MiKTeX 2.9\tex\latex\base\article.cls"
Document Class: article 2014/09/29 v1.4h Standard LaTeX document class
("C:\Program Files\MiKTeX 2.9\tex\latex\base\size12.clo"
File: size12.clo 2014/09/29 v1.4h Standard LaTeX file (size option)
)
\c@part=\count80
\c@section=\count81
\c@subsection=\count82
\c@subsubsection=\count83
\c@paragraph=\count84
\c@subparagraph=\count85
\c@figure=\count86
\c@table=\count87
\abovecaptionskip=\skip41
\belowcaptionskip=\skip42
\bibindent=\dimen102
)
("C:\Program Files\MiKTeX 2.9\tex\latex\base\inputenc.sty"
Package: inputenc 2018/04/06 v1.3b Input encoding file
\inpenc@prehook=\toks14
\inpenc@posthook=\toks15
)
("C:\Program Files\MiKTeX 2.9\tex\generic\babel\babel.sty"
Package: babel 2018/06/05 3.22 The Babel package

("C:\Program Files\MiKTeX 2.9\tex\generic\babel\switch.def"
File: switch.def 2018/06/05 3.22 Babel switching mechanism
)
*************************************
* Local config file bblopts.cfg used
*
("C:\Program Files\MiKTeX 2.9\tex\latex\arabi\bblopts.cfg"
File: bblopts.cfg 2005/09/08 v0.1 add Arabic and Farsi to "declared" options of
 babel
)
("C:\Program Files\MiKTeX 2.9\tex\latex\babel-spanish\spanish.ldf"
Language: spanish.ldf 2016/03/03 v5.0p Spanish support from the babel system

("C:\Program Files\MiKTeX 2.9\tex\generic\babel\babel.def"
File: babel.def 2018/06/05 3.22 Babel common definitions
\babel@savecnt=\count88
\U@D=\dimen103

("C:\Program Files\MiKTeX 2.9\tex\generic\babel\txtbabel.def")
\bbl@dirlevel=\count89
)
\es@quottoks=\toks16
\es@quotdepth=\count90
Package babel Info: Making " an active character on input line 561.
Package babel Info: Making . an active character on input line 662.
Package babel Info: Making < an active character on input line 707.
Package babel Info: Making > an active character on input line 707.
))
("C:\Program Files\MiKTeX 2.9\tex\latex\graphics\graphicx.sty"
Package: graphicx 2017/06/01 v1.1a Enhanced LaTeX Graphics (DPC,SPQR)

("C:\Program Files\MiKTeX 2.9\tex\latex\graphics\keyval.sty"
Package: keyval 2014/10/28 v1.15 key=value parser (DPC)
\KV@toks@=\toks17
)
("C:\Program Files\MiKTeX 2.9\tex\latex\graphics\graphics.sty"
Package: graphics 2017/06/25 v1.2c Standard LaTeX Graphics (DPC,SPQR)

("C:\Program Files\MiKTeX 2.9\tex\latex\graphics\trig.sty"
Package: trig 2016/01/03 v1.10 sin cos tan (DPC)
)
("C:\Program Files\MiKTeX 2.9\tex\latex\graphics-cfg\graphics.cfg"
File: graphics.cfg 2016/06/04 v1.11 sample graphics configuration
)
Package graphics Info: Driver file: pdftex.def on input line 99.

("C:\Program Files\MiKTeX 2.9\tex\latex\graphics-def\pdftex.def"
File: pdftex.def 2018/01/08 v1.0l Graphics/color driver for pdftex
))
\Gin@req@height=\dimen104
\Gin@req@width=\dimen105
)
("C:\Program Files\MiKTeX 2.9\tex\latex\geometry\geometry.sty"
Package: geometry 2018/04/16 v5.8 Page Geometry

("C:\Program Files\MiKTeX 2.9\tex\generic\oberdiek\ifpdf.sty"
Package: ifpdf 2017/03/15 v3.2 Provides the ifpdf switch
)
("C:\Program Files\MiKTeX 2.9\tex\generic\oberdiek\ifvtex.sty"
Package: ifvtex 2016/05/16 v1.6 Detect VTeX and its facilities (HO)
Package ifvtex Info: VTeX not detected.
)
("C:\Program Files\MiKTeX 2.9\tex\generic\ifxetex\ifxetex.sty"
Package: ifxetex 2010/09/12 v0.6 Provides ifxetex conditional
)
\Gm@cnth=\count91
\Gm@cntv=\count92
\c@Gm@tempcnt=\count93
\Gm@bindingoffset=\dimen106
\Gm@wd@mp=\dimen107
\Gm@odd@mp=\dimen108
\Gm@even@mp=\dimen109
\Gm@layoutwidth=\dimen110
\Gm@layoutheight=\dimen111
\Gm@layouthoffset=\dimen112
\Gm@layoutvoffset=\dimen113
\Gm@dimlist=\toks18

("C:\Program Files\MiKTeX 2.9\tex\latex\geometry\geometry.cfg"))
("C:\Program Files\MiKTeX 2.9\tex\latex\float\float.sty"
Package: float 2001/11/08 v1.3d Float enhancements (AL)
\c@float@type=\count94
\float@exts=\toks19
\float@box=\box26
\@float@everytoks=\toks20
\@floatcapt=\box27
)
("C:\Program Files\MiKTeX 2.9\tex\latex\amsmath\amsmath.sty"
Package: amsmath 2017/09/02 v2.17a AMS math features
\@mathmargin=\skip43

For additional information on amsmath, use the `?' option.
("C:\Program Files\MiKTeX 2.9\tex\latex\amsmath\amstext.sty"
Package: amstext 2000/06/29 v2.01 AMS text

("C:\Program Files\MiKTeX 2.9\tex\latex\amsmath\amsgen.sty"
File: amsgen.sty 1999/11/30 v2.0 generic functions
\@emptytoks=\toks21
\ex@=\dimen114
))
("C:\Program Files\MiKTeX 2.9\tex\latex\amsmath\amsbsy.sty"
Package: amsbsy 1999/11/29 v1.2d Bold Symbols
\pmbraise@=\dimen115
)
("C:\Program Files\MiKTeX 2.9\tex\latex\amsmath\amsopn.sty"
Package: amsopn 2016/03/08 v2.02 operator names
)
\inf@bad=\count95
LaTeX Info: Redefining \frac on input line 213.
\uproot@=\count96
\leftroot@=\count97
LaTeX Info: Redefining \overline on input line 375.
\classnum@=\count98
\DOTSCASE@=\count99
LaTeX Info: Redefining \ldots on input line 472.
LaTeX Info: Redefining \dots on input line 475.
LaTeX Info: Redefining \cdots on input line 596.
\Mathstrutbox@=\box28
\strutbox@=\box29
\big@size=\dimen116
LaTeX Font Info:    Redeclaring font encoding OML on input line 712.
LaTeX Font Info:    Redeclaring font encoding OMS on input line 713.
\macc@depth=\count100
\c@MaxMatrixCols=\count101
\dotsspace@=\muskip10
\c@parentequation=\count102
\dspbrk@lvl=\count103
\tag@help=\toks22
\row@=\count104
\column@=\count105
\maxfields@=\count106
\andhelp@=\toks23
\eqnshift@=\dimen117
\alignsep@=\dimen118
\tagshift@=\dimen119
\tagwidth@=\dimen120
\totwidth@=\dimen121
\lineht@=\dimen122
\@envbody=\toks24
\multlinegap=\skip44
\multlinetaggap=\skip45
\mathdisplay@stack=\toks25
LaTeX Info: Redefining \[ on input line 2817.
LaTeX Info: Redefining \] on input line 2818.
)
("C:\Program Files\MiKTeX 2.9\tex\latex\oberdiek\stackrel.sty"
Package: stackrel 2016/05/16 v1.3 Adding subscript option to stackrel (HO)

("C:\Program Files\MiKTeX 2.9\tex\generic\oberdiek\etexcmds.sty"
Package: etexcmds 2016/05/16 v1.6 Avoid name clashes with e-TeX commands (HO)

("C:\Program Files\MiKTeX 2.9\tex\generic\oberdiek\infwarerr.sty"
Package: infwarerr 2016/05/16 v1.4 Providing info/warning/error messages (HO)
)
("C:\Program Files\MiKTeX 2.9\tex\generic\oberdiek\ifluatex.sty"
Package: ifluatex 2016/05/16 v1.4 Provides the ifluatex switch (HO)
Package ifluatex Info: LuaTeX not detected.
)
Package etexcmds Info: Could not find \expanded.
(etexcmds)             That can mean that you are not using pdfTeX 1.50 or
(etexcmds)             that some package has redefined \expanded.
(etexcmds)             In the latter case, load this package earlier.
)
("C:\Program Files\MiKTeX 2.9\tex\generic\oberdiek\pdftexcmds.sty"
Package: pdftexcmds 2018/01/30 v0.27 Utility functions of pdfTeX for LuaTeX (HO
)

("C:\Program Files\MiKTeX 2.9\tex\generic\oberdiek\ltxcmds.sty"
Package: ltxcmds 2016/05/16 v1.23 LaTeX kernel commands for general use (HO)
)
Package pdftexcmds Info: LuaTeX not detected.
Package pdftexcmds Info: \pdf@primitive is available.
Package pdftexcmds Info: \pdf@ifprimitive is available.
Package pdftexcmds Info: \pdfdraftmode found.
))
("C:\Program Files\MiKTeX 2.9\tex\latex\multirow\multirow.sty"
Package: multirow 2018/08/03 v2.3 Span multiple rows of a table
\multirow@colwidth=\skip46
\multirow@cntb=\count107
\multirow@dima=\skip47
\bigstrutjot=\dimen123
)
("C:\Program Files\MiKTeX 2.9\tex\latex\tools\enumerate.sty"
Package: enumerate 2015/07/23 v3.00 enumerate extensions (DPC)
\@enLab=\toks26
)
(InformeLaboratorio01.aux
LaTeX Info: Redefining \. on input line 6.
LaTeX Info: Redefining \% on input line 6.
 (Secciones/Actividad01.aux)
(Secciones/Actividad02.aux) (Secciones/Actividad03.aux)
(Secciones/Actividad04.aux) (Secciones/Actividad05.aux)
(Secciones/Actividad06.aux) (Secciones/Actividad07.aux)
(Secciones/Actividad08.aux) (Secciones/Actividad09.aux)
(Secciones/Actividad10.aux))
\openout1 = `InformeLaboratorio01.aux'.

LaTeX Font Info:    Checking defaults for OML/cmm/m/it on input line 18.
LaTeX Font Info:    ... okay on input line 18.
LaTeX Font Info:    Checking defaults for T1/cmr/m/n on input line 18.
LaTeX Font Info:    ... okay on input line 18.
LaTeX Font Info:    Checking defaults for OT1/cmr/m/n on input line 18.
LaTeX Font Info:    ... okay on input line 18.
LaTeX Font Info:    Checking defaults for OMS/cmsy/m/n on input line 18.
LaTeX Font Info:    ... okay on input line 18.
LaTeX Font Info:    Checking defaults for OMX/cmex/m/n on input line 18.
LaTeX Font Info:    ... okay on input line 18.
LaTeX Font Info:    Checking defaults for U/cmr/m/n on input line 18.
LaTeX Font Info:    ... okay on input line 18.
LaTeX Info: Redefining \. on input line 18.
LaTeX Info: Redefining \% on input line 18.

("C:\Program Files\MiKTeX 2.9\tex\latex\oberdiek\epstopdf-base.sty"
Package: epstopdf-base 2016/05/15 v2.6 Base part for package epstopdf

("C:\Program Files\MiKTeX 2.9\tex\latex\oberdiek\grfext.sty"
Package: grfext 2016/05/16 v1.2 Manage graphics extensions (HO)

("C:\Program Files\MiKTeX 2.9\tex\generic\oberdiek\kvdefinekeys.sty"
Package: kvdefinekeys 2016/05/16 v1.4 Define keys (HO)
))
("C:\Program Files\MiKTeX 2.9\tex\latex\oberdiek\kvoptions.sty"
Package: kvoptions 2016/05/16 v3.12 Key value format for package options (HO)

("C:\Program Files\MiKTeX 2.9\tex\generic\oberdiek\kvsetkeys.sty"
Package: kvsetkeys 2016/05/16 v1.17 Key value parser (HO)
))
Package epstopdf-base Info: Redefining graphics rule for `.eps' on input line 4
38.
Package grfext Info: Graphics extension search list:
(grfext)             [.pdf,.png,.jpg,.mps,.jpeg,.jbig2,.jb2,.PDF,.PNG,.JPG,.JPE
G,.JBIG2,.JB2,.eps]
(grfext)             \AppendGraphicsExtensions on input line 456.
)
*geometry* driver: auto-detecting
*geometry* detected driver: pdftex
*geometry* verbose mode - [ preamble ] result:
* driver: pdftex
* paper: letterpaper
* layout: <same size as paper>
* layoutoffset:(h,v)=(0.0pt,0.0pt)
* modes: 
* h-part:(L,W,R)=(56.9055pt, 500.484pt, 56.9055pt)
* v-part:(T,H,B)=(56.9055pt, 681.15898pt, 56.9055pt)
* \paperwidth=614.295pt
* \paperheight=794.96999pt
* \textwidth=500.484pt
* \textheight=681.15898pt
* \oddsidemargin=-15.36449pt
* \evensidemargin=-15.36449pt
* \topmargin=-52.36449pt
* \headheight=12.0pt
* \headsep=25.0pt
* \topskip=12.0pt
* \footskip=30.0pt
* \marginparwidth=44.0pt
* \marginparsep=10.0pt
* \columnsep=10.0pt
* \skip\footins=10.8pt plus 4.0pt minus 2.0pt
* \hoffset=0.0pt
* \voffset=0.0pt
* \mag=1000
* \@twocolumnfalse
* \@twosidefalse
* \@mparswitchfalse
* \@reversemarginfalse
* (1in=72.27pt=25.4mm, 1cm=28.453pt)

<./Imagenes/logo.jpg, id=1, 276.03125pt x 183.68625pt>
File: ./Imagenes/logo.jpg Graphic file (type jpg)
<use ./Imagenes/logo.jpg>
Package pdftex.def Info: ./Imagenes/logo.jpg  used on input line 38.
(pdftex.def)             Requested size: 227.62204pt x 151.47853pt.

! Package inputenc Error: Unicode character ° (U+B0)
(inputenc)                not set up for use with LaTeX.

See the inputenc package documentation for explanation.
Type  H <return>  for immediate help.
 ...                                              
                                                  
l.51 \textbf{INFORME DE LABORATORIO N° 01}
                                            \\
? 
[1

{C:/Users/dvans/AppData/Local/MiKTeX/2.9/pdftex/config/pdftex.map} <./Imagenes/
logo.jpg>] (InformeLaboratorio01.toc
LaTeX Info: Redefining \. on input line 1.
LaTeX Info: Redefining \% on input line 1.
)
\tf@toc=\write3
\openout3 = `InformeLaboratorio01.toc'.

 [1]
\openout2 = `Secciones/Actividad01.aux'.

 (Secciones/Actividad01.tex
<./Imagenes/Actividad01_1.jpg, id=11, 251.43938pt x 536.75531pt>
File: ./Imagenes/Actividad01_1.jpg Graphic file (type jpg)
<use ./Imagenes/Actividad01_1.jpg>
Package pdftex.def Info: ./Imagenes/Actividad01_1.jpg  used on input line 8.
(pdftex.def)             Requested size: 142.26378pt x 303.69319pt.
<./Imagenes/Actividad01_2.jpg, id=12, 344.03531pt x 325.96782pt>
File: ./Imagenes/Actividad01_2.jpg Graphic file (type jpg)
<use ./Imagenes/Actividad01_2.jpg>
Package pdftex.def Info: ./Imagenes/Actividad01_2.jpg  used on input line 15.
(pdftex.def)             Requested size: 142.26378pt x 134.79164pt.
<./Imagenes/Actividad01_3.jpg, id=13, 248.42813pt x 542.77782pt>
File: ./Imagenes/Actividad01_3.jpg Graphic file (type jpg)
<use ./Imagenes/Actividad01_3.jpg>
Package pdftex.def Info: ./Imagenes/Actividad01_3.jpg  used on input line 22.
(pdftex.def)             Requested size: 142.26378pt x 310.82765pt.
 [1

 <./Imagenes/Actividad01_1.jpg> <./Imagenes/Actividad01_2.jpg>]

! LaTeX Error: \begin{enumerate} on input line 4 ended by \end{itemize}.

See the LaTeX manual or LaTeX Companion for explanation.
Type  H <return>  for immediate help.
 ...                                              
                                                  
l.25 \end{itemize}
                  
? 
) [2 <./Imagenes/Actividad01_3.jpg>]
\openout2 = `Secciones/Actividad02.aux'.

 (Secciones/Actividad02.tex
Underfull \hbox (badness 10000) in paragraph at lines 4--7

 []

<./Imagenes/Actividad02_1.png, id=20, 791.95876pt x 718.685pt>
File: ./Imagenes/Actividad02_1.png Graphic file (type png)
<use ./Imagenes/Actividad02_1.png>
Package pdftex.def Info: ./Imagenes/Actividad02_1.png  used on input line 9.
(pdftex.def)             Requested size: 284.52756pt x 258.20001pt.

Underfull \hbox (badness 10000) in paragraph at lines 12--19

 []

<./Imagenes/Actividad02_2.png, id=22, 375.4025pt x 717.68124pt>
File: ./Imagenes/Actividad02_2.png Graphic file (type png)
<use ./Imagenes/Actividad02_2.png>
Package pdftex.def Info: ./Imagenes/Actividad02_2.png  used on input line 21.
(pdftex.def)             Requested size: 142.26378pt x 271.97704pt.
[3


 <./Imagenes/Actividad02_1.png>]
Underfull \hbox (badness 10000) in paragraph at lines 24--27

 []

<./Imagenes/Actividad02_3.jpg, id=27, 389.455pt x 433.62pt>
File: ./Imagenes/Actividad02_3.jpg Graphic file (type jpg)
<use ./Imagenes/Actividad02_3.jpg>
Package pdftex.def Info: ./Imagenes/Actividad02_3.jpg  used on input line 29.
(pdftex.def)             Requested size: 142.26378pt x 158.39238pt.
) [4 <./Imagenes/Actividad02_2.png> <./Imagenes/Actividad02_3.jpg>]
\openout2 = `Secciones/Actividad03.aux'.


(Secciones/Actividad03.tex
Underfull \hbox (badness 10000) in paragraph at lines 4--11

 []


Underfull \hbox (badness 10000) in paragraph at lines 4--11

 []

<./Imagenes/actividad0301.jpg, id=33, 292.09125pt x 283.0575pt>
File: ./Imagenes/actividad0301.jpg Graphic file (type jpg)
<use ./Imagenes/actividad0301.jpg>
Package pdftex.def Info: ./Imagenes/actividad0301.jpg  used on input line 12.
(pdftex.def)             Requested size: 142.26378pt x 137.86578pt.

Underfull \hbox (badness 10000) in paragraph at lines 15--19

 []


Underfull \hbox (badness 10000) in paragraph at lines 15--19

 []


Underfull \hbox (badness 10000) in paragraph at lines 15--19

 []

<./Imagenes/actividad0302.jpg, id=34, 383.93437pt x 255.20343pt>
File: ./Imagenes/actividad0302.jpg Graphic file (type jpg)
<use ./Imagenes/actividad0302.jpg>
Package pdftex.def Info: ./Imagenes/actividad0302.jpg  used on input line 20.
(pdftex.def)             Requested size: 142.26378pt x 94.56396pt.

Underfull \hbox (badness 10000) in paragraph at lines 23--37

 []


Underfull \hbox (badness 10000) in paragraph at lines 23--37

 []

[5


 <./Imagenes/actividad0301.jpg> <./Imagenes/actividad0302.jpg>]
<./Imagenes/actividad0303.jpg, id=39, 305.64188pt x 374.14781pt>
File: ./Imagenes/actividad0303.jpg Graphic file (type jpg)
<use ./Imagenes/actividad0303.jpg>
Package pdftex.def Info: ./Imagenes/actividad0303.jpg  used on input line 38.
(pdftex.def)             Requested size: 142.26378pt x 174.1482pt.
) [6 <./Imagenes/actividad0303.jpg>]
\openout2 = `Secciones/Actividad04.aux'.

 (Secciones/Actividad04.tex
Underfull \hbox (badness 10000) in paragraph at lines 4--6

 []

<./Imagenes/actividad_04_01.png, id=43, 332.442pt x 191.70569pt>
File: ./Imagenes/actividad_04_01.png Graphic file (type png)
<use ./Imagenes/actividad_04_01.png>
Package pdftex.def Info: ./Imagenes/actividad_04_01.png  used on input line 8.
(pdftex.def)             Requested size: 142.26378pt x 82.03693pt.

Underfull \hbox (badness 10000) in paragraph at lines 11--13

 []

<./Imagenes/actividad_04_02.png, id=44, 387.21506pt x 254.0861pt>
File: ./Imagenes/actividad_04_02.png Graphic file (type png)
<use ./Imagenes/actividad_04_02.png>
Package pdftex.def Info: ./Imagenes/actividad_04_02.png  used on input line 15.

(pdftex.def)             Requested size: 142.26378pt x 93.35127pt.

Underfull \hbox (badness 10000) in paragraph at lines 18--20

 []

<./Imagenes/actividad_04_03.png, id=45, 499.80411pt x 248.76094pt>
File: ./Imagenes/actividad_04_03.png Graphic file (type png)
<use ./Imagenes/actividad_04_03.png>
Package pdftex.def Info: ./Imagenes/actividad_04_03.png  used on input line 22.

(pdftex.def)             Requested size: 142.26378pt x 70.80649pt.

Underfull \hbox (badness 10000) in paragraph at lines 25--27

 []

<./Imagenes/actividad_04_04.png, id=46, 412.31937pt x 149.10442pt>
File: ./Imagenes/actividad_04_04.png Graphic file (type png)
<use ./Imagenes/actividad_04_04.png>
Package pdftex.def Info: ./Imagenes/actividad_04_04.png  used on input line 29.

(pdftex.def)             Requested size: 142.26378pt x 51.44562pt.
[7


 <./Imagenes/actividad_04_01.png> <./Imagenes/actividad_04_02.png> <./Imagenes/
actividad_04_03.png>]
Underfull \hbox (badness 10000) in paragraph at lines 32--34

 []

<./Imagenes/actividad_04_05.png, id=53, 383.41136pt x 264.73642pt>
File: ./Imagenes/actividad_04_05.png Graphic file (type png)
<use ./Imagenes/actividad_04_05.png>
Package pdftex.def Info: ./Imagenes/actividad_04_05.png  used on input line 36.

(pdftex.def)             Requested size: 142.26378pt x 98.22966pt.

Underfull \hbox (badness 10000) in paragraph at lines 39--41

 []

<./Imagenes/actividad_04_06.png, id=54, 300.49106pt x 270.06158pt>
File: ./Imagenes/actividad_04_06.png Graphic file (type png)
<use ./Imagenes/actividad_04_06.png>
Package pdftex.def Info: ./Imagenes/actividad_04_06.png  used on input line 43.

(pdftex.def)             Requested size: 142.26378pt x 127.85612pt.

Underfull \hbox (badness 10000) in paragraph at lines 46--48

 []

<./Imagenes/actividad_04_07.png, id=55, 369.71811pt x 185.6198pt>
File: ./Imagenes/actividad_04_07.png Graphic file (type png)
<use ./Imagenes/actividad_04_07.png>
Package pdftex.def Info: ./Imagenes/actividad_04_07.png  used on input line 50.

(pdftex.def)             Requested size: 142.26378pt x 71.4256pt.

Underfull \hbox (badness 10000) in paragraph at lines 53--55

 []

[8 <./Imagenes/actividad_04_04.png> <./Imagenes/actividad_04_05.png> <./Imagene
s/actividad_04_06.png> <./Imagenes/actividad_04_07.png>]
<./Imagenes/actividad_04_08.png, id=63, 353.74263pt x 185.6198pt>
File: ./Imagenes/actividad_04_08.png Graphic file (type png)
<use ./Imagenes/actividad_04_08.png>
Package pdftex.def Info: ./Imagenes/actividad_04_08.png  used on input line 57.

(pdftex.def)             Requested size: 142.26378pt x 74.65161pt.

Underfull \hbox (badness 10000) in paragraph at lines 60--62

 []

<./Imagenes/actividad_04_09.png, id=64, 297.4481pt x 258.65053pt>
File: ./Imagenes/actividad_04_09.png Graphic file (type png)
<use ./Imagenes/actividad_04_09.png>
Package pdftex.def Info: ./Imagenes/actividad_04_09.png  used on input line 64.

(pdftex.def)             Requested size: 142.26378pt x 123.7088pt.

Underfull \hbox (badness 10000) in paragraph at lines 68--70

 []

<./Imagenes/actividad_04_10.png, id=65, 354.50337pt x 275.38673pt>
File: ./Imagenes/actividad_04_10.png Graphic file (type png)
<use ./Imagenes/actividad_04_10.png>
Package pdftex.def Info: ./Imagenes/actividad_04_10.png  used on input line 72.

(pdftex.def)             Requested size: 142.26378pt x 110.51411pt.

Underfull \hbox (badness 10000) in paragraph at lines 75--87

 []

[9 <./Imagenes/actividad_04_08.png> <./Imagenes/actividad_04_09.png> <./Imagene
s/actividad_04_10.png>]
<./Imagenes/actividad_04_11.png, id=72, 625.32568pt x 314.94505pt>
File: ./Imagenes/actividad_04_11.png Graphic file (type png)
<use ./Imagenes/actividad_04_11.png>
Package pdftex.def Info: ./Imagenes/actividad_04_11.png  used on input line 89.

(pdftex.def)             Requested size: 142.26378pt x 71.6477pt.

Underfull \hbox (badness 10000) in paragraph at lines 92--95

 []

<./Imagenes/actividad_04_12.png, id=73, 208.4419pt x 152.90811pt>
File: ./Imagenes/actividad_04_12.png Graphic file (type png)
<use ./Imagenes/actividad_04_12.png>
Package pdftex.def Info: ./Imagenes/actividad_04_12.png  used on input line 97.

(pdftex.def)             Requested size: 142.26378pt x 104.3611pt.

Underfull \hbox (badness 10000) in paragraph at lines 100--103

 []


Overfull \hbox (47.27953pt too wide) in paragraph at lines 100--103
\OT1/cmr/m/n/12 select last[]name from em-plo-yees whe-re SUBS-TRING(last[]name
,3,1) = 'a' or SUBS-TRING(last[]name,3,1)
 []

<./Imagenes/actividad_04_13.png, id=74, 385.69357pt x 241.91432pt>
File: ./Imagenes/actividad_04_13.png Graphic file (type png)
<use ./Imagenes/actividad_04_13.png>
Package pdftex.def Info: ./Imagenes/actividad_04_13.png  used on input line 105
.
(pdftex.def)             Requested size: 142.26378pt x 89.23004pt.
[10 <./Imagenes/actividad_04_11.png> <./Imagenes/actividad_04_12.png>]
Underfull \hbox (badness 10000) in paragraph at lines 108--111

 []


Overfull \hbox (9.49081pt too wide) in paragraph at lines 108--111
\OT1/cmr/m/n/12 select last[]name,job[]id,salary from em-plo-yees whe-re (job[]
id = 'SA[]REP' or job[]id = 'ST[]CLERK')
 []

<./Imagenes/actividad_04_14.png, id=80, 349.1782pt x 209.20264pt>
File: ./Imagenes/actividad_04_14.png Graphic file (type png)
<use ./Imagenes/actividad_04_14.png>
Package pdftex.def Info: ./Imagenes/actividad_04_14.png  used on input line 113
.
(pdftex.def)             Requested size: 142.26378pt x 85.23415pt.

Underfull \hbox (badness 10000) in paragraph at lines 116--119

 []

<./Imagenes/actividad_04_15.png, id=81, 408.51569pt x 192.46642pt>
File: ./Imagenes/actividad_04_15.png Graphic file (type png)
<use ./Imagenes/actividad_04_15.png>
Package pdftex.def Info: ./Imagenes/actividad_04_15.png  used on input line 121
.
(pdftex.def)             Requested size: 142.26378pt x 67.0265pt.
) [11 <./Imagenes/actividad_04_13.png> <./Imagenes/actividad_04_14.png> <./Imag
enes/actividad_04_15.png>]
\openout2 = `Secciones/Actividad05.aux'.

 (Secciones/Actividad05.tex
Underfull \hbox (badness 10000) in paragraph at lines 4--12

 []

<./Imagenes/actividad_05_01.png, id=89, 495.35063pt x 142.28156pt>
File: ./Imagenes/actividad_05_01.png Graphic file (type png)
<use ./Imagenes/actividad_05_01.png>
Package pdftex.def Info: ./Imagenes/actividad_05_01.png  used on input line 13.

(pdftex.def)             Requested size: 142.26378pt x 40.86328pt.

Underfull \hbox (badness 10000) in paragraph at lines 16--19

 []

<./Imagenes/actividad_05_02.png, id=90, 478.78876pt x 353.06906pt>
File: ./Imagenes/actividad_05_02.png Graphic file (type png)
<use ./Imagenes/actividad_05_02.png>
Package pdftex.def Info: ./Imagenes/actividad_05_02.png  used on input line 20.

(pdftex.def)             Requested size: 142.26378pt x 104.90869pt.

Underfull \hbox (badness 10000) in paragraph at lines 23--26

 []

<./Imagenes/actividad_05_03.png, id=91, 687.31781pt x 350.05782pt>
File: ./Imagenes/actividad_05_03.png Graphic file (type png)
<use ./Imagenes/actividad_05_03.png>
Package pdftex.def Info: ./Imagenes/actividad_05_03.png  used on input line 27.

(pdftex.def)             Requested size: 142.26378pt x 72.4567pt.

Underfull \hbox (badness 10000) in paragraph at lines 30--37

 []

[12


 <./Imagenes/actividad_05_01.png> <./Imagenes/actividad_05_02.png> <./Imagenes/
actividad_05_03.png>]
<./Imagenes/actividad_05_04.png, id=98, 706.13812pt x 419.31656pt>
File: ./Imagenes/actividad_05_04.png Graphic file (type png)
<use ./Imagenes/actividad_05_04.png>
Package pdftex.def Info: ./Imagenes/actividad_05_04.png  used on input line 38.

(pdftex.def)             Requested size: 142.26378pt x 84.47604pt.

Underfull \hbox (badness 10000) in paragraph at lines 41--44

 []


Underfull \hbox (badness 10000) in paragraph at lines 45--49

 []


Overfull \hbox (83.23714pt too wide) in paragraph at lines 45--49
\OT1/cmr/m/n/12 SELECT LAST[]NAME, ROUND(MONTHS[]BETWEEN(SYSDATE,HIRE[]DATE),0)
 "MONTHS[]WORKED" 
 []


Underfull \hbox (badness 10000) in paragraph at lines 50--66

 []

<./Imagenes/actividad_05_07.png, id=99, 344.03531pt x 359.09157pt>
File: ./Imagenes/actividad_05_07.png Graphic file (type png)
<use ./Imagenes/actividad_05_07.png>
Package pdftex.def Info: ./Imagenes/actividad_05_07.png  used on input line 67.

(pdftex.def)             Requested size: 142.26378pt x 148.48872pt.
[13 <./Imagenes/actividad_05_04.png>]
Underfull \hbox (badness 10000) in paragraph at lines 71--74

 []

) [14 <./Imagenes/actividad_05_07.png>]
\openout2 = `Secciones/Actividad06.aux'.

 (Secciones/Actividad06.tex
Underfull \hbox (badness 10000) in paragraph at lines 4--13

 []


Underfull \hbox (badness 10000) in paragraph at lines 4--13

 []

<./Imagenes/img01.jpg, id=109, 534.49687pt x 248.42813pt>
File: ./Imagenes/img01.jpg Graphic file (type jpg)
<use ./Imagenes/img01.jpg>
Package pdftex.def Info: ./Imagenes/img01.jpg  used on input line 14.
(pdftex.def)             Requested size: 284.52756pt x 132.25005pt.
<./Imagenes/img02.jpg, id=110, 453.94594pt x 257.46187pt>
File: ./Imagenes/img02.jpg Graphic file (type jpg)
<use ./Imagenes/img02.jpg>
Package pdftex.def Info: ./Imagenes/img02.jpg  used on input line 27.
(pdftex.def)             Requested size: 284.52756pt x 161.3729pt.

Underfull \hbox (badness 10000) in paragraph at lines 30--37

 []


Underfull \hbox (badness 10000) in paragraph at lines 30--37

 []

[15


 <./Imagenes/img01.jpg> <./Imagenes/img02.jpg>]
<./Imagenes/img03.jpg, id=114, 472.76625pt x 218.31563pt>
File: ./Imagenes/img03.jpg Graphic file (type jpg)
<use ./Imagenes/img03.jpg>
Package pdftex.def Info: ./Imagenes/img03.jpg  used on input line 38.
(pdftex.def)             Requested size: 284.52756pt x 131.39345pt.

Underfull \hbox (badness 10000) in paragraph at lines 41--50

 []


Underfull \hbox (badness 10000) in paragraph at lines 41--50

 []

<./Imagenes/img04.jpg, id=115, 590.205pt x 262.73157pt>
File: ./Imagenes/img04.jpg Graphic file (type jpg)
<use ./Imagenes/img04.jpg>
Package pdftex.def Info: ./Imagenes/img04.jpg  used on input line 51.
(pdftex.def)             Requested size: 284.52756pt x 126.65894pt.

Underfull \hbox (badness 10000) in paragraph at lines 67--78

 []


Underfull \hbox (badness 10000) in paragraph at lines 67--78

 []

[16 <./Imagenes/img03.jpg> <./Imagenes/img04.jpg>]
<./Imagenes/img06.jpg, id=119, 547.2947pt x 286.82156pt>
File: ./Imagenes/img06.jpg Graphic file (type jpg)
<use ./Imagenes/img06.jpg>
Package pdftex.def Info: ./Imagenes/img06.jpg  used on input line 80.
(pdftex.def)             Requested size: 284.52756pt x 149.11305pt.
) [17 <./Imagenes/img06.jpg>]
\openout2 = `Secciones/Actividad07.aux'.

(Secciones/Actividad07.tex
Underfull \hbox (badness 10000) in paragraph at lines 4--8

 []


Overfull \hbox (105.55159pt too wide) in paragraph at lines 4--8
\OT1/cmr/m/n/12 SELECT ROUND(MAX(salary),0) AS "Ma-xi-mo", ROUND(MIN(salary),0)
 AS "Mi-ni-mo", ROUND(SUM(salary),0)
 []

<./Imagenes/a7a1.png, id=124, 250.68657pt x 80.55093pt>
File: ./Imagenes/a7a1.png Graphic file (type png)
<use ./Imagenes/a7a1.png>
Package pdftex.def Info: ./Imagenes/a7a1.png  used on input line 9.
(pdftex.def)             Requested size: 142.26378pt x 45.71416pt.

Underfull \hbox (badness 10000) in paragraph at lines 13--18

 []

<./Imagenes/a7a3.png, id=125, 195.73125pt x 260.47313pt>
File: ./Imagenes/a7a3.png Graphic file (type png)
<use ./Imagenes/a7a3.png>
Package pdftex.def Info: ./Imagenes/a7a3.png  used on input line 19.
(pdftex.def)             Requested size: 142.26378pt x 189.32903pt.

Underfull \hbox (badness 10000) in paragraph at lines 21--25

 []

<./Imagenes/a7a4.png, id=126, 177.66376pt x 88.07906pt>
File: ./Imagenes/a7a4.png Graphic file (type png)
<use ./Imagenes/a7a4.png>
Package pdftex.def Info: ./Imagenes/a7a4.png  used on input line 26.
(pdftex.def)             Requested size: 142.26378pt x 70.53052pt.
[18


 <./Imagenes/a7a1.png> <./Imagenes/a7a3.png>]
Underfull \hbox (badness 10000) in paragraph at lines 28--32

 []

<./Imagenes/a7a5.png, id=132, 167.87718pt x 85.06781pt>
File: ./Imagenes/a7a5.png Graphic file (type png)
<use ./Imagenes/a7a5.png>
Package pdftex.def Info: ./Imagenes/a7a5.png  used on input line 33.
(pdftex.def)             Requested size: 142.26378pt x 72.08861pt.

Underfull \hbox (badness 10000) in paragraph at lines 35--45

 []

<./Imagenes/a7a6.png, id=133, 198.7425pt x 205.5178pt>
File: ./Imagenes/a7a6.png Graphic file (type png)
<use ./Imagenes/a7a6.png>
Package pdftex.def Info: ./Imagenes/a7a6.png  used on input line 46.
(pdftex.def)             Requested size: 142.26378pt x 147.1166pt.
[19 <./Imagenes/a7a4.png> <./Imagenes/a7a5.png> <./Imagenes/a7a6.png>])
[20]
\openout2 = `Secciones/Actividad08.aux'.

 (Secciones/Actividad08.tex
Underfull \hbox (badness 10000) in paragraph at lines 4--10

 []

<./Imagenes/8ejer1.jpg, id=143, 638.385pt x 448.67625pt>
File: ./Imagenes/8ejer1.jpg Graphic file (type jpg)
<use ./Imagenes/8ejer1.jpg>
Package pdftex.def Info: ./Imagenes/8ejer1.jpg  used on input line 12.
(pdftex.def)             Requested size: 142.26378pt x 99.98247pt.

Underfull \hbox (badness 10000) in paragraph at lines 16--21

 []

<./Imagenes/8ejer2.jpg, id=144, 638.385pt x 445.665pt>
File: ./Imagenes/8ejer2.jpg Graphic file (type jpg)
<use ./Imagenes/8ejer2.jpg>
Package pdftex.def Info: ./Imagenes/8ejer2.jpg  used on input line 23.
(pdftex.def)             Requested size: 142.26378pt x 99.31145pt.

Underfull \hbox (badness 10000) in paragraph at lines 26--37

 []

[21


 <./Imagenes/8ejer1.jpg> <./Imagenes/8ejer2.jpg>]
<./Imagenes/8ejer3.jpg, id=148, 638.385pt x 267.24844pt>
File: ./Imagenes/8ejer3.jpg Graphic file (type jpg)
<use ./Imagenes/8ejer3.jpg>
Package pdftex.def Info: ./Imagenes/8ejer3.jpg  used on input line 39.
(pdftex.def)             Requested size: 142.26378pt x 59.55331pt.

Underfull \hbox (badness 10000) in paragraph at lines 42--49

 []

<./Imagenes/8ejer4.jpg, id=149, 629.35126pt x 450.9347pt>
File: ./Imagenes/8ejer4.jpg Graphic file (type jpg)
<use ./Imagenes/8ejer4.jpg>
Package pdftex.def Info: ./Imagenes/8ejer4.jpg  used on input line 52.
(pdftex.def)             Requested size: 142.26378pt x 101.9307pt.

Underfull \hbox (badness 10000) in paragraph at lines 55--62

 []

<./Imagenes/8ejer5.jpg, id=150, 632.3625pt x 450.9347pt>
File: ./Imagenes/8ejer5.jpg Graphic file (type jpg)
<use ./Imagenes/8ejer5.jpg>
Package pdftex.def Info: ./Imagenes/8ejer5.jpg  used on input line 64.
(pdftex.def)             Requested size: 142.26378pt x 101.44215pt.

Underfull \hbox (badness 10000) in paragraph at lines 67--74

 []


Underfull \hbox (badness 10000) in paragraph at lines 67--74

 []

[22 <./Imagenes/8ejer3.jpg> <./Imagenes/8ejer4.jpg> <./Imagenes/8ejer5.jpg>]
<./Imagenes/8ejer6.jpg, id=154, 630.10406pt x 448.67625pt>
File: ./Imagenes/8ejer6.jpg Graphic file (type jpg)
<use ./Imagenes/8ejer6.jpg>
Package pdftex.def Info: ./Imagenes/8ejer6.jpg  used on input line 76.
(pdftex.def)             Requested size: 142.26378pt x 101.29695pt.

Underfull \hbox (badness 10000) in paragraph at lines 79--86

 []

<./Imagenes/8ejer7.jpg, id=155, 636.12656pt x 447.17062pt>
File: ./Imagenes/8ejer7.jpg Graphic file (type jpg)
<use ./Imagenes/8ejer7.jpg>
Package pdftex.def Info: ./Imagenes/8ejer7.jpg  used on input line 88.
(pdftex.def)             Requested size: 142.26378pt x 100.00177pt.

Underfull \hbox (badness 10000) in paragraph at lines 92--101

 []

<./Imagenes/8ejer8.jpg, id=156, 633.86812pt x 448.67625pt>
File: ./Imagenes/8ejer8.jpg Graphic file (type jpg)
<use ./Imagenes/8ejer8.jpg>
Package pdftex.def Info: ./Imagenes/8ejer8.jpg  used on input line 103.
(pdftex.def)             Requested size: 142.26378pt x 100.69449pt.
[23 <./Imagenes/8ejer6.jpg> <./Imagenes/8ejer7.jpg>]) [24 <./Imagenes/8ejer8.jp
g>]
\openout2 = `Secciones/Actividad09.aux'.

 (Secciones/Actividad09.tex
Underfull \hbox (badness 10000) in paragraph at lines 4--20

 []


Underfull \hbox (badness 10000) in paragraph at lines 4--20

 []

<./Imagenes/actividad0901.jpg, id=164, 522.45187pt x 341.02406pt>
File: ./Imagenes/actividad0901.jpg Graphic file (type jpg)
<use ./Imagenes/actividad0901.jpg>
Package pdftex.def Info: ./Imagenes/actividad0901.jpg  used on input line 21.
(pdftex.def)             Requested size: 142.26378pt x 92.85826pt.

Underfull \hbox (badness 10000) in paragraph at lines 24--31

 []


Underfull \hbox (badness 10000) in paragraph at lines 24--31

 []

<./Imagenes/actividad0902.jpg, id=165, 327.47343pt x 328.97906pt>
File: ./Imagenes/actividad0902.jpg Graphic file (type jpg)
<use ./Imagenes/actividad0902.jpg>
Package pdftex.def Info: ./Imagenes/actividad0902.jpg  used on input line 32.
(pdftex.def)             Requested size: 142.26378pt x 142.91899pt.
[25


 <./Imagenes/actividad0901.jpg>]
Underfull \hbox (badness 10000) in paragraph at lines 35--45

 []


Underfull \hbox (badness 10000) in paragraph at lines 35--45

 []

<./Imagenes/actividad0903.jpg, id=169, 538.26094pt x 363.60844pt>
File: ./Imagenes/actividad0903.jpg Graphic file (type jpg)
<use ./Imagenes/actividad0903.jpg>
Package pdftex.def Info: ./Imagenes/actividad0903.jpg  used on input line 46.
(pdftex.def)             Requested size: 142.26378pt x 96.10056pt.

Underfull \hbox (badness 10000) in paragraph at lines 49--58

 []


Underfull \hbox (badness 10000) in paragraph at lines 49--58

 []

<./Imagenes/actividad0904.jpg, id=170, 258.21469pt x 290.58563pt>
File: ./Imagenes/actividad0904.jpg Graphic file (type jpg)
<use ./Imagenes/actividad0904.jpg>
Package pdftex.def Info: ./Imagenes/actividad0904.jpg  used on input line 59.
(pdftex.def)             Requested size: 142.26378pt x 160.10193pt.
[26 <./Imagenes/actividad0902.jpg> <./Imagenes/actividad0903.jpg>]
Underfull \hbox (badness 10000) in paragraph at lines 62--73

 []


Underfull \hbox (badness 10000) in paragraph at lines 62--73

 []

<./Imagenes/actividad0905.jpg, id=174, 261.22594pt x 316.93407pt>
File: ./Imagenes/actividad0905.jpg Graphic file (type jpg)
<use ./Imagenes/actividad0905.jpg>
Package pdftex.def Info: ./Imagenes/actividad0905.jpg  used on input line 74.
(pdftex.def)             Requested size: 142.26378pt x 172.60233pt.

Underfull \hbox (badness 10000) in paragraph at lines 77--90

 []


Underfull \hbox (badness 10000) in paragraph at lines 77--90

 []

[27 <./Imagenes/actividad0904.jpg> <./Imagenes/actividad0905.jpg>]
<./Imagenes/actividad0906.jpg, id=178, 437.38406pt x 434.37282pt>
File: ./Imagenes/actividad0906.jpg Graphic file (type jpg)
<use ./Imagenes/actividad0906.jpg>
Package pdftex.def Info: ./Imagenes/actividad0906.jpg  used on input line 91.
(pdftex.def)             Requested size: 142.26378pt x 141.28217pt.

Underfull \hbox (badness 10000) in paragraph at lines 94--108

 []


Underfull \hbox (badness 10000) in paragraph at lines 94--108

 []

<./Imagenes/actividad0907.jpg, id=179, 356.83313pt x 414.04688pt>
File: ./Imagenes/actividad0907.jpg Graphic file (type jpg)
<use ./Imagenes/actividad0907.jpg>
Package pdftex.def Info: ./Imagenes/actividad0907.jpg  used on input line 110.
(pdftex.def)             Requested size: 142.26378pt x 165.07248pt.
[28 <./Imagenes/actividad0906.jpg> <./Imagenes/actividad0907.jpg>]) [29]
\openout2 = `Secciones/Actividad10.aux'.


(Secciones/Actividad10.tex
Underfull \hbox (badness 10000) in paragraph at lines 6--10

 []

<./Imagenes/ejercicio10-1.png, id=187, 197.23688pt x 204.765pt>
File: ./Imagenes/ejercicio10-1.png Graphic file (type png)
<use ./Imagenes/ejercicio10-1.png>
Package pdftex.def Info: ./Imagenes/ejercicio10-1.png  used on input line 12.
(pdftex.def)             Requested size: 142.26378pt x 147.69312pt.

Underfull \hbox (badness 10000) in paragraph at lines 15--19

 []

<./Imagenes/ejercicio10-2.png, id=188, 205.5178pt x 208.52907pt>
File: ./Imagenes/ejercicio10-2.png Graphic file (type png)
<use ./Imagenes/ejercicio10-2.png>
Package pdftex.def Info: ./Imagenes/ejercicio10-2.png  used on input line 21.
(pdftex.def)             Requested size: 142.26378pt x 144.34657pt.

Underfull \hbox (badness 10000) in paragraph at lines 24--34

 []

[30


 <./Imagenes/ejercicio10-1.png> <./Imagenes/ejercicio10-2.png>]
<./Imagenes/ejercicio10-3.png, id=194, 170.88844pt x 92.59593pt>
File: ./Imagenes/ejercicio10-3.png Graphic file (type png)
<use ./Imagenes/ejercicio10-3.png>
Package pdftex.def Info: ./Imagenes/ejercicio10-3.png  used on input line 36.
(pdftex.def)             Requested size: 142.26378pt x 77.09053pt.

Underfull \hbox (badness 10000) in paragraph at lines 39--44

 []

<./Imagenes/ejercicio10-4.png, id=195, 169.38281pt x 90.3375pt>
File: ./Imagenes/ejercicio10-4.png Graphic file (type png)
<use ./Imagenes/ejercicio10-4.png>
Package pdftex.def Info: ./Imagenes/ejercicio10-4.png  used on input line 46.
(pdftex.def)             Requested size: 142.26378pt x 75.87607pt.

Underfull \hbox (badness 10000) in paragraph at lines 55--58

 []

<./Imagenes/ejercicio10-5.png, id=196, 266.49562pt x 209.28188pt>
File: ./Imagenes/ejercicio10-5.png Graphic file (type png)
<use ./Imagenes/ejercicio10-5.png>
Package pdftex.def Info: ./Imagenes/ejercicio10-5.png  used on input line 60.
(pdftex.def)             Requested size: 142.26378pt x 111.72359pt.
) [31 <./Imagenes/ejercicio10-3.png> <./Imagenes/ejercicio10-4.png> <./Imagenes
/ejercicio10-5.png>] (InformeLaboratorio01.aux
LaTeX Info: Redefining \. on input line 6.
LaTeX Info: Redefining \% on input line 6.
 (Secciones/Actividad01.aux)
(Secciones/Actividad02.aux) (Secciones/Actividad03.aux)
(Secciones/Actividad04.aux) (Secciones/Actividad05.aux)
(Secciones/Actividad06.aux) (Secciones/Actividad07.aux)
(Secciones/Actividad08.aux) (Secciones/Actividad09.aux)
(Secciones/Actividad10.aux)) ) 
Here is how much of TeX's memory you used:
 3723 strings out of 492973
 57635 string characters out of 3135932
 134789 words of memory out of 3000000
 7403 multiletter control sequences out of 15000+200000
 8261 words of font info for 30 fonts, out of 3000000 for 9000
 1141 hyphenation exceptions out of 8191
 34i,7n,31p,616b,359s stack positions out of 5000i,500n,10000p,200000b,50000s
<C:/Program Files/MiKTeX 2.9/fonts/type1/public/a
msfonts/cm/cmbx12.pfb><C:/Program Files/MiKTeX 2.9/fonts/type1/public/amsfonts/
cm/cmr12.pfb><C:/Program Files/MiKTeX 2.9/fonts/type1/public/amsfonts/cm/cmr6.p
fb><C:/Program Files/MiKTeX 2.9/fonts/type1/public/amsfonts/cm/cmsy10.pfb>
Output written on C:\Users\dvans\Desktop\yony_informe\Informe01BD2\pdf\InformeL
aboratorio01.pdf (33 pages, 2495468 bytes).
PDF statistics:
 218 PDF objects out of 1000 (max. 8388607)
 0 named destinations out of 1000 (max. 500000)
 301 words of extra memory for PDF output out of 10000 (max. 10000000)

